# JRE version: Java(TM) SE Runtime Environment (8.0_111-b14) (build 1.8.0_111-b14)
# Java VM: Java HotSpot(TM) 64-Bit Server VM (25.111-b14 mixed mode bsd-amd64 compressed oops)
Heap:
 garbage-first heap   total 579584K, used 451072K [0x0000000780000000, 0x00000007801011b0, 0x00000007c0000000)
  region size 1024K, 242 young (247808K), 9 survivors (9216K)
 Metaspace       used 117185K, capacity 127318K, committed 127516K, reserved 1161216K
  class space    used 13628K, capacity 16594K, committed 16668K, reserved 1048576K
GC Heap History (10 events):
Event: 22771.346 GC heap before
{Heap before GC invocations=539 (full 0):
 garbage-first heap   total 579584K, used 482635K [0x0000000780000000, 0x00000007801011b0, 0x00000007c0000000)
  region size 1024K, 265 young (271360K), 37 survivors (37888K)
 Metaspace       used 117170K, capacity 127254K, committed 127516K, reserved 1161216K
  class space    used 13628K, capacity 16594K, committed 16668K, reserved 1048576K
Event: 22771.705 GC heap after
Heap after GC invocations=540 (full 0):
 garbage-first heap   total 579584K, used 300544K [0x0000000780000000, 0x00000007801011b0, 0x00000007c0000000)
  region size 1024K, 34 young (34816K), 34 survivors (34816K)
 Metaspace       used 117170K, capacity 127254K, committed 127516K, reserved 1161216K
  class space    used 13628K, capacity 16594K, committed 16668K, reserved 1048576K
}
Event: 22772.018 GC heap before
{Heap before GC invocations=540 (full 0):
 garbage-first heap   total 579584K, used 313856K [0x0000000780000000, 0x00000007801011b0, 0x00000007c0000000)
  region size 1024K, 47 young (48128K), 34 survivors (34816K)
 Metaspace       used 117170K, capacity 127254K, committed 127516K, reserved 1161216K
  class space    used 13628K, capacity 16594K, committed 16668K, reserved 1048576K
Event: 22772.205 GC heap after
Heap after GC invocations=541 (full 0):
 garbage-first heap   total 579584K, used 302080K [0x0000000780000000, 0x00000007801011b0, 0x00000007c0000000)
  region size 1024K, 2 young (2048K), 2 survivors (2048K)
 Metaspace       used 117170K, capacity 127254K, committed 127516K, reserved 1161216K
  class space    used 13628K, capacity 16594K, committed 16668K, reserved 1048576K
}
Event: 22775.893 GC heap before
{Heap before GC invocations=542 (full 0):
 garbage-first heap   total 579584K, used 411558K [0x0000000780000000, 0x00000007801011b0, 0x00000007c0000000)
  region size 1024K, 190 young (194560K), 2 survivors (2048K)
 Metaspace       used 117171K, capacity 127254K, committed 127516K, reserved 1161216K
  class space    used 13628K, capacity 16594K, committed 16668K, reserved 1048576K
Event: 22775.977 GC heap after
Heap after GC invocations=543 (full 0):
 garbage-first heap   total 579584K, used 239104K [0x0000000780000000, 0x00000007801011b0, 0x00000007c0000000)
  region size 1024K, 22 young (22528K), 22 survivors (22528K)
 Metaspace       used 117171K, capacity 127254K, committed 127516K, reserved 1161216K
  class space    used 13628K, capacity 16594K, committed 16668K, reserved 1048576K
}
Event: 22776.045 GC heap before
{Heap before GC invocations=543 (full 0):
 garbage-first heap   total 579584K, used 245248K [0x0000000780000000, 0x00000007801011b0, 0x00000007c0000000)
  region size 1024K, 28 young (28672K), 22 survivors (22528K)
 Metaspace       used 117171K, capacity 127254K, committed 127516K, reserved 1161216K
  class space    used 13628K, capacity 16594K, committed 16668K, reserved 1048576K
Event: 22776.141 GC heap after
Heap after GC invocations=544 (full 0):
 garbage-first heap   total 579584K, used 206335K [0x0000000780000000, 0x00000007801011b0, 0x00000007c0000000)
  region size 1024K, 2 young (2048K), 2 survivors (2048K)
 Metaspace       used 117171K, capacity 127254K, committed 127516K, reserved 1161216K
  class space    used 13628K, capacity 16594K, committed 16668K, reserved 1048576K
}
Event: 22820.575 GC heap before
{Heap before GC invocations=544 (full 0):
 garbage-first heap   total 579584K, used 488959K [0x0000000780000000, 0x00000007801011b0, 0x00000007c0000000)
  region size 1024K, 278 young (284672K), 2 survivors (2048K)
 Metaspace       used 117175K, capacity 127254K, committed 127516K, reserved 1161216K
  class space    used 13628K, capacity 16594K, committed 16668K, reserved 1048576K
Event: 22820.646 GC heap after
Heap after GC invocations=545 (full 0):
 garbage-first heap   total 579584K, used 213504K [0x0000000780000000, 0x00000007801011b0, 0x00000007c0000000)
  region size 1024K, 9 young (9216K), 9 survivors (9216K)
 Metaspace       used 117175K, capacity 127254K, committed 127516K, reserved 1161216K
  class space    used 13628K, capacity 16594K, committed 16668K, reserved 1048576K
}

