# JRE version: Java(TM) SE Runtime Environment (8.0_111-b14) (build 1.8.0_111-b14)
# Java VM: Java HotSpot(TM) 64-Bit Server VM (25.111-b14 mixed mode bsd-amd64 compressed oops)
Heap:
 garbage-first heap   total 262144K, used 130047K [0x0000000780000000, 0x0000000780100800, 0x00000007c0000000)
  region size 1024K, 22 young (22528K), 1 survivors (1024K)
 Metaspace       used 97058K, capacity 106014K, committed 106304K, reserved 1140736K
  class space    used 11910K, capacity 14659K, committed 14696K, reserved 1048576K
GC Heap History (10 events):
Event: 244.912 GC heap before
{Heap before GC invocations=26 (full 0):
 garbage-first heap   total 262144K, used 225331K [0x0000000780000000, 0x0000000780100800, 0x00000007c0000000)
  region size 1024K, 107 young (109568K), 8 survivors (8192K)
 Metaspace       used 96672K, capacity 105662K, committed 105792K, reserved 1140736K
  class space    used 11894K, capacity 14627K, committed 14696K, reserved 1048576K
Event: 245.000 GC heap after
Heap after GC invocations=27 (full 0):
 garbage-first heap   total 262144K, used 130984K [0x0000000780000000, 0x0000000780100800, 0x00000007c0000000)
  region size 1024K, 14 young (14336K), 14 survivors (14336K)
 Metaspace       used 96672K, capacity 105662K, committed 105792K, reserved 1140736K
  class space    used 11894K, capacity 14627K, committed 14696K, reserved 1048576K
}
Event: 278.561 GC heap before
{Heap before GC invocations=27 (full 0):
 garbage-first heap   total 262144K, used 220072K [0x0000000780000000, 0x0000000780100800, 0x00000007c0000000)
  region size 1024K, 101 young (103424K), 14 survivors (14336K)
 Metaspace       used 96925K, capacity 105950K, committed 106048K, reserved 1140736K
  class space    used 11910K, capacity 14659K, committed 14696K, reserved 1048576K
Event: 278.616 GC heap after
Heap after GC invocations=28 (full 0):
 garbage-first heap   total 262144K, used 125711K [0x0000000780000000, 0x0000000780100800, 0x00000007c0000000)
  region size 1024K, 6 young (6144K), 6 survivors (6144K)
 Metaspace       used 96925K, capacity 105950K, committed 106048K, reserved 1140736K
  class space    used 11910K, capacity 14659K, committed 14696K, reserved 1048576K
}
Event: 279.922 GC heap before
{Heap before GC invocations=28 (full 0):
 garbage-first heap   total 262144K, used 225039K [0x0000000780000000, 0x0000000780100800, 0x00000007c0000000)
  region size 1024K, 103 young (105472K), 6 survivors (6144K)
 Metaspace       used 96987K, capacity 105950K, committed 106048K, reserved 1140736K
  class space    used 11910K, capacity 14659K, committed 14696K, reserved 1048576K
Event: 279.983 GC heap after
Heap after GC invocations=29 (full 0):
 garbage-first heap   total 262144K, used 129807K [0x0000000780000000, 0x0000000780100800, 0x00000007c0000000)
  region size 1024K, 10 young (10240K), 10 survivors (10240K)
 Metaspace       used 96987K, capacity 105950K, committed 106048K, reserved 1140736K
  class space    used 11910K, capacity 14659K, committed 14696K, reserved 1048576K
}
Event: 283.321 GC heap before
{Heap before GC invocations=30 (full 0):
 garbage-first heap   total 262144K, used 212188K [0x0000000780000000, 0x0000000780100800, 0x00000007c0000000)
  region size 1024K, 102 young (104448K), 10 survivors (10240K)
 Metaspace       used 97013K, capacity 105950K, committed 106048K, reserved 1140736K
  class space    used 11910K, capacity 14659K, committed 14696K, reserved 1048576K
Event: 283.383 GC heap after
Heap after GC invocations=31 (full 0):
 garbage-first heap   total 262144K, used 123989K [0x0000000780000000, 0x0000000780100800, 0x00000007c0000000)
  region size 1024K, 8 young (8192K), 8 survivors (8192K)
 Metaspace       used 97013K, capacity 105950K, committed 106048K, reserved 1140736K
  class space    used 11910K, capacity 14659K, committed 14696K, reserved 1048576K
}
Event: 283.563 GC heap before
{Heap before GC invocations=31 (full 0):
 garbage-first heap   total 262144K, used 128085K [0x0000000780000000, 0x0000000780100800, 0x00000007c0000000)
  region size 1024K, 12 young (12288K), 8 survivors (8192K)
 Metaspace       used 97014K, capacity 105950K, committed 106048K, reserved 1140736K
  class space    used 11910K, capacity 14659K, committed 14696K, reserved 1048576K
Event: 283.631 GC heap after
Heap after GC invocations=32 (full 0):
 garbage-first heap   total 262144K, used 109567K [0x0000000780000000, 0x0000000780100800, 0x00000007c0000000)
  region size 1024K, 1 young (1024K), 1 survivors (1024K)
 Metaspace       used 97014K, capacity 105950K, committed 106048K, reserved 1140736K
  class space    used 11910K, capacity 14659K, committed 14696K, reserved 1048576K
}

