# JRE version: Java(TM) SE Runtime Environment (8.0_111-b14) (build 1.8.0_111-b14)
# Java VM: Java HotSpot(TM) 64-Bit Server VM (25.111-b14 mixed mode bsd-amd64 compressed oops)
Heap:
 garbage-first heap   total 262144K, used 226374K [0x0000000780000000, 0x0000000780100800, 0x00000007c0000000)
  region size 1024K, 98 young (100352K), 3 survivors (3072K)
 Metaspace       used 110591K, capacity 119966K, committed 120316K, reserved 1153024K
  class space    used 13221K, capacity 16012K, committed 16124K, reserved 1048576K
GC Heap History (10 events):
Event: 3576.139 GC heap before
{Heap before GC invocations=140 (full 0):
 garbage-first heap   total 262144K, used 221150K [0x0000000780000000, 0x0000000780100800, 0x00000007c0000000)
  region size 1024K, 105 young (107520K), 13 survivors (13312K)
 Metaspace       used 110520K, capacity 119966K, committed 120316K, reserved 1153024K
  class space    used 13220K, capacity 16012K, committed 16124K, reserved 1048576K
Event: 3576.177 GC heap after
Heap after GC invocations=141 (full 0):
 garbage-first heap   total 262144K, used 118738K [0x0000000780000000, 0x0000000780100800, 0x00000007c0000000)
  region size 1024K, 4 young (4096K), 4 survivors (4096K)
 Metaspace       used 110520K, capacity 119966K, committed 120316K, reserved 1153024K
  class space    used 13220K, capacity 16012K, committed 16124K, reserved 1048576K
}
Event: 3603.532 GC heap before
{Heap before GC invocations=141 (full 0):
 garbage-first heap   total 262144K, used 226258K [0x0000000780000000, 0x0000000780100800, 0x00000007c0000000)
  region size 1024K, 109 young (111616K), 4 survivors (4096K)
 Metaspace       used 110542K, capacity 119966K, committed 120316K, reserved 1153024K
  class space    used 13220K, capacity 16012K, committed 16124K, reserved 1048576K
Event: 3603.558 GC heap after
Heap after GC invocations=142 (full 0):
 garbage-first heap   total 262144K, used 117714K [0x0000000780000000, 0x0000000780100800, 0x00000007c0000000)
  region size 1024K, 3 young (3072K), 3 survivors (3072K)
 Metaspace       used 110542K, capacity 119966K, committed 120316K, reserved 1153024K
  class space    used 13220K, capacity 16012K, committed 16124K, reserved 1048576K
}
Event: 3636.580 GC heap before
{Heap before GC invocations=142 (full 0):
 garbage-first heap   total 262144K, used 227282K [0x0000000780000000, 0x0000000780100800, 0x00000007c0000000)
  region size 1024K, 110 young (112640K), 3 survivors (3072K)
 Metaspace       used 110557K, capacity 119966K, committed 120316K, reserved 1153024K
  class space    used 13221K, capacity 16012K, committed 16124K, reserved 1048576K
Event: 3636.605 GC heap after
Heap after GC invocations=143 (full 0):
 garbage-first heap   total 262144K, used 119762K [0x0000000780000000, 0x0000000780100800, 0x00000007c0000000)
  region size 1024K, 5 young (5120K), 5 survivors (5120K)
 Metaspace       used 110557K, capacity 119966K, committed 120316K, reserved 1153024K
  class space    used 13221K, capacity 16012K, committed 16124K, reserved 1048576K
}
Event: 3646.253 GC heap before
{Heap before GC invocations=143 (full 0):
 garbage-first heap   total 262144K, used 228306K [0x0000000780000000, 0x0000000780100800, 0x00000007c0000000)
  region size 1024K, 111 young (113664K), 5 survivors (5120K)
 Metaspace       used 110563K, capacity 119966K, committed 120316K, reserved 1153024K
  class space    used 13221K, capacity 16012K, committed 16124K, reserved 1048576K
Event: 3646.308 GC heap after
Heap after GC invocations=144 (full 0):
 garbage-first heap   total 262144K, used 127954K [0x0000000780000000, 0x0000000780100800, 0x00000007c0000000)
  region size 1024K, 13 young (13312K), 13 survivors (13312K)
 Metaspace       used 110563K, capacity 119966K, committed 120316K, reserved 1153024K
  class space    used 13221K, capacity 16012K, committed 16124K, reserved 1048576K
}
Event: 3646.854 GC heap before
{Heap before GC invocations=144 (full 0):
 garbage-first heap   total 262144K, used 221138K [0x0000000780000000, 0x0000000780100800, 0x00000007c0000000)
  region size 1024K, 104 young (106496K), 13 survivors (13312K)
 Metaspace       used 110572K, capacity 119966K, committed 120316K, reserved 1153024K
  class space    used 13221K, capacity 16012K, committed 16124K, reserved 1048576K
Event: 3646.918 GC heap after
Heap after GC invocations=145 (full 0):
 garbage-first heap   total 262144K, used 130118K [0x0000000780000000, 0x0000000780100800, 0x00000007c0000000)
  region size 1024K, 3 young (3072K), 3 survivors (3072K)
 Metaspace       used 110572K, capacity 119966K, committed 120316K, reserved 1153024K
  class space    used 13221K, capacity 16012K, committed 16124K, reserved 1048576K
}

