# JRE version: Java(TM) SE Runtime Environment (8.0_111-b14) (build 1.8.0_111-b14)
# Java VM: Java HotSpot(TM) 64-Bit Server VM (25.111-b14 mixed mode bsd-amd64 compressed oops)
Heap:
 garbage-first heap   total 545792K, used 243934K [0x0000000780000000, 0x00000007801010a8, 0x00000007c0000000)
  region size 1024K, 56 young (57344K), 14 survivors (14336K)
 Metaspace       used 117827K, capacity 127856K, committed 128180K, reserved 1161216K
  class space    used 13597K, capacity 16490K, committed 16616K, reserved 1048576K
GC Heap History (10 events):
Event: 38818.250 GC heap before
{Heap before GC invocations=672 (full 0):
 garbage-first heap   total 545792K, used 472658K [0x0000000780000000, 0x00000007801010a8, 0x00000007c0000000)
  region size 1024K, 280 young (286720K), 12 survivors (12288K)
 Metaspace       used 117825K, capacity 127856K, committed 128180K, reserved 1161216K
  class space    used 13597K, capacity 16490K, committed 16616K, reserved 1048576K
Event: 38818.299 GC heap after
Heap after GC invocations=673 (full 0):
 garbage-first heap   total 545792K, used 200274K [0x0000000780000000, 0x00000007801010a8, 0x00000007c0000000)
  region size 1024K, 14 young (14336K), 14 survivors (14336K)
 Metaspace       used 117825K, capacity 127856K, committed 128180K, reserved 1161216K
  class space    used 13597K, capacity 16490K, committed 16616K, reserved 1048576K
}
Event: 38824.707 GC heap before
{Heap before GC invocations=673 (full 0):
 garbage-first heap   total 545792K, used 472658K [0x0000000780000000, 0x00000007801010a8, 0x00000007c0000000)
  region size 1024K, 280 young (286720K), 14 survivors (14336K)
 Metaspace       used 117825K, capacity 127856K, committed 128180K, reserved 1161216K
  class space    used 13597K, capacity 16490K, committed 16616K, reserved 1048576K
Event: 38824.807 GC heap after
Heap after GC invocations=674 (full 0):
 garbage-first heap   total 545792K, used 214610K [0x0000000780000000, 0x00000007801010a8, 0x00000007c0000000)
  region size 1024K, 28 young (28672K), 28 survivors (28672K)
 Metaspace       used 117825K, capacity 127856K, committed 128180K, reserved 1161216K
  class space    used 13597K, capacity 16490K, committed 16616K, reserved 1048576K
}
Event: 38830.042 GC heap before
{Heap before GC invocations=674 (full 0):
 garbage-first heap   total 545792K, used 460370K [0x0000000780000000, 0x00000007801010a8, 0x00000007c0000000)
  region size 1024K, 268 young (274432K), 28 survivors (28672K)
 Metaspace       used 117825K, capacity 127856K, committed 128180K, reserved 1161216K
  class space    used 13597K, capacity 16490K, committed 16616K, reserved 1048576K
Event: 38830.129 GC heap after
Heap after GC invocations=675 (full 0):
 garbage-first heap   total 545792K, used 203998K [0x0000000780000000, 0x00000007801010a8, 0x00000007c0000000)
  region size 1024K, 16 young (16384K), 16 survivors (16384K)
 Metaspace       used 117825K, capacity 127856K, committed 128180K, reserved 1161216K
  class space    used 13597K, capacity 16490K, committed 16616K, reserved 1048576K
}
Event: 38889.763 GC heap before
{Heap before GC invocations=675 (full 0):
 garbage-first heap   total 545792K, used 465118K [0x0000000780000000, 0x00000007801010a8, 0x00000007c0000000)
  region size 1024K, 271 young (277504K), 16 survivors (16384K)
 Metaspace       used 117826K, capacity 127856K, committed 128180K, reserved 1161216K
  class space    used 13597K, capacity 16490K, committed 16616K, reserved 1048576K
Event: 38889.796 GC heap after
Heap after GC invocations=676 (full 0):
 garbage-first heap   total 545792K, used 192222K [0x0000000780000000, 0x00000007801010a8, 0x00000007c0000000)
  region size 1024K, 5 young (5120K), 5 survivors (5120K)
 Metaspace       used 117826K, capacity 127856K, committed 128180K, reserved 1161216K
  class space    used 13597K, capacity 16490K, committed 16616K, reserved 1048576K
}
Event: 38894.009 GC heap before
{Heap before GC invocations=676 (full 0):
 garbage-first heap   total 545792K, used 469726K [0x0000000780000000, 0x00000007801010a8, 0x00000007c0000000)
  region size 1024K, 276 young (282624K), 5 survivors (5120K)
 Metaspace       used 117827K, capacity 127856K, committed 128180K, reserved 1161216K
  class space    used 13597K, capacity 16490K, committed 16616K, reserved 1048576K
Event: 38894.069 GC heap after
Heap after GC invocations=677 (full 0):
 garbage-first heap   total 545792K, used 201950K [0x0000000780000000, 0x00000007801010a8, 0x00000007c0000000)
  region size 1024K, 14 young (14336K), 14 survivors (14336K)
 Metaspace       used 117827K, capacity 127856K, committed 128180K, reserved 1161216K
  class space    used 13597K, capacity 16490K, committed 16616K, reserved 1048576K
}

