# JRE version: Java(TM) SE Runtime Environment (8.0_111-b14) (build 1.8.0_111-b14)
# Java VM: Java HotSpot(TM) 64-Bit Server VM (25.111-b14 mixed mode bsd-amd64 compressed oops)
Heap:
 garbage-first heap   total 545792K, used 472408K [0x0000000780000000, 0x00000007801010a8, 0x00000007c0000000)
  region size 1024K, 270 young (276480K), 8 survivors (8192K)
 Metaspace       used 114706K, capacity 124508K, committed 124852K, reserved 1157120K
  class space    used 13421K, capacity 16309K, committed 16328K, reserved 1048576K
GC Heap History (10 events):
Event: 13258.873 GC heap before
{Heap before GC invocations=606 (full 0):
 garbage-first heap   total 545792K, used 476617K [0x0000000780000000, 0x00000007801010a8, 0x00000007c0000000)
  region size 1024K, 274 young (280576K), 13 survivors (13312K)
 Metaspace       used 114674K, capacity 124508K, committed 124852K, reserved 1157120K
  class space    used 13421K, capacity 16309K, committed 16328K, reserved 1048576K
Event: 13258.917 GC heap after
Heap after GC invocations=607 (full 0):
 garbage-first heap   total 545792K, used 202257K [0x0000000780000000, 0x00000007801010a8, 0x00000007c0000000)
  region size 1024K, 6 young (6144K), 6 survivors (6144K)
 Metaspace       used 114674K, capacity 124508K, committed 124852K, reserved 1157120K
  class space    used 13421K, capacity 16309K, committed 16328K, reserved 1048576K
}
Event: 13264.330 GC heap before
{Heap before GC invocations=607 (full 0):
 garbage-first heap   total 545792K, used 477713K [0x0000000780000000, 0x00000007801010a8, 0x00000007c0000000)
  region size 1024K, 275 young (281600K), 6 survivors (6144K)
 Metaspace       used 114676K, capacity 124508K, committed 124852K, reserved 1157120K
  class space    used 13421K, capacity 16309K, committed 16328K, reserved 1048576K
Event: 13264.408 GC heap after
Heap after GC invocations=608 (full 0):
 garbage-first heap   total 545792K, used 214155K [0x0000000780000000, 0x00000007801010a8, 0x00000007c0000000)
  region size 1024K, 17 young (17408K), 17 survivors (17408K)
 Metaspace       used 114676K, capacity 124508K, committed 124852K, reserved 1157120K
  class space    used 13421K, capacity 16309K, committed 16328K, reserved 1048576K
}
Event: 13332.416 GC heap before
{Heap before GC invocations=608 (full 0):
 garbage-first heap   total 545792K, used 472203K [0x0000000780000000, 0x00000007801010a8, 0x00000007c0000000)
  region size 1024K, 269 young (275456K), 17 survivors (17408K)
 Metaspace       used 114694K, capacity 124508K, committed 124852K, reserved 1157120K
  class space    used 13421K, capacity 16309K, committed 16328K, reserved 1048576K
Event: 13332.466 GC heap after
Heap after GC invocations=609 (full 0):
 garbage-first heap   total 545792K, used 205527K [0x0000000780000000, 0x00000007801010a8, 0x00000007c0000000)
  region size 1024K, 9 young (9216K), 9 survivors (9216K)
 Metaspace       used 114694K, capacity 124508K, committed 124852K, reserved 1157120K
  class space    used 13421K, capacity 16309K, committed 16328K, reserved 1048576K
}
Event: 13351.331 GC heap before
{Heap before GC invocations=609 (full 0):
 garbage-first heap   total 545792K, used 475863K [0x0000000780000000, 0x00000007801010a8, 0x00000007c0000000)
  region size 1024K, 273 young (279552K), 9 survivors (9216K)
 Metaspace       used 114695K, capacity 124508K, committed 124852K, reserved 1157120K
  class space    used 13421K, capacity 16309K, committed 16328K, reserved 1048576K
Event: 13351.375 GC heap after
Heap after GC invocations=610 (full 0):
 garbage-first heap   total 545792K, used 203548K [0x0000000780000000, 0x00000007801010a8, 0x00000007c0000000)
  region size 1024K, 7 young (7168K), 7 survivors (7168K)
 Metaspace       used 114695K, capacity 124508K, committed 124852K, reserved 1157120K
  class space    used 13421K, capacity 16309K, committed 16328K, reserved 1048576K
}
Event: 13420.446 GC heap before
{Heap before GC invocations=610 (full 0):
 garbage-first heap   total 545792K, used 476956K [0x0000000780000000, 0x00000007801010a8, 0x00000007c0000000)
  region size 1024K, 274 young (280576K), 7 survivors (7168K)
 Metaspace       used 114703K, capacity 124508K, committed 124852K, reserved 1157120K
  class space    used 13421K, capacity 16309K, committed 16328K, reserved 1048576K
Event: 13420.487 GC heap after
Heap after GC invocations=611 (full 0):
 garbage-first heap   total 545792K, used 205144K [0x0000000780000000, 0x00000007801010a8, 0x00000007c0000000)
  region size 1024K, 8 young (8192K), 8 survivors (8192K)
 Metaspace       used 114703K, capacity 124508K, committed 124852K, reserved 1157120K
  class space    used 13421K, capacity 16309K, committed 16328K, reserved 1048576K
}

