# JRE version: Java(TM) SE Runtime Environment (8.0_111-b14) (build 1.8.0_111-b14)
# Java VM: Java HotSpot(TM) 64-Bit Server VM (25.111-b14 mixed mode bsd-amd64 compressed oops)
Heap:
 garbage-first heap   total 556032K, used 297096K [0x0000000780000000, 0x00000007801010f8, 0x00000007c0000000)
  region size 1024K, 120 young (122880K), 10 survivors (10240K)
 Metaspace       used 117740K, capacity 127698K, committed 127924K, reserved 1161216K
  class space    used 13493K, capacity 16490K, committed 16592K, reserved 1048576K
GC Heap History (10 events):
Event: 218820.625 GC heap before
{Heap before GC invocations=1231 (full 0):
 garbage-first heap   total 556032K, used 489304K [0x0000000780000000, 0x00000007801010f8, 0x00000007c0000000)
  region size 1024K, 308 young (315392K), 8 survivors (8192K)
 Metaspace       used 117732K, capacity 127698K, committed 127924K, reserved 1161216K
  class space    used 13493K, capacity 16490K, committed 16592K, reserved 1048576K
Event: 218820.687 GC heap after
Heap after GC invocations=1232 (full 0):
 garbage-first heap   total 556032K, used 184725K [0x0000000780000000, 0x00000007801010f8, 0x00000007c0000000)
  region size 1024K, 11 young (11264K), 11 survivors (11264K)
 Metaspace       used 117732K, capacity 127698K, committed 127924K, reserved 1161216K
  class space    used 13493K, capacity 16490K, committed 16592K, reserved 1048576K
}
Event: 218841.751 GC heap before
{Heap before GC invocations=1232 (full 0):
 garbage-first heap   total 556032K, used 486805K [0x0000000780000000, 0x00000007801010f8, 0x00000007c0000000)
  region size 1024K, 306 young (313344K), 11 survivors (11264K)
 Metaspace       used 117733K, capacity 127698K, committed 127924K, reserved 1161216K
  class space    used 13493K, capacity 16490K, committed 16592K, reserved 1048576K
Event: 218841.797 GC heap after
Heap after GC invocations=1233 (full 0):
 garbage-first heap   total 556032K, used 181180K [0x0000000780000000, 0x00000007801010f8, 0x00000007c0000000)
  region size 1024K, 7 young (7168K), 7 survivors (7168K)
 Metaspace       used 117733K, capacity 127698K, committed 127924K, reserved 1161216K
  class space    used 13493K, capacity 16490K, committed 16592K, reserved 1048576K
}
Event: 218889.166 GC heap before
{Heap before GC invocations=1233 (full 0):
 garbage-first heap   total 556032K, used 489404K [0x0000000780000000, 0x00000007801010f8, 0x00000007c0000000)
  region size 1024K, 308 young (315392K), 7 survivors (7168K)
 Metaspace       used 117734K, capacity 127698K, committed 127924K, reserved 1161216K
  class space    used 13493K, capacity 16490K, committed 16592K, reserved 1048576K
Event: 218889.238 GC heap after
Heap after GC invocations=1234 (full 0):
 garbage-first heap   total 556032K, used 188408K [0x0000000780000000, 0x00000007801010f8, 0x00000007c0000000)
  region size 1024K, 14 young (14336K), 14 survivors (14336K)
 Metaspace       used 117734K, capacity 127698K, committed 127924K, reserved 1161216K
  class space    used 13493K, capacity 16490K, committed 16592K, reserved 1048576K
}
Event: 218922.202 GC heap before
{Heap before GC invocations=1234 (full 0):
 garbage-first heap   total 556032K, used 484344K [0x0000000780000000, 0x00000007801010f8, 0x00000007c0000000)
  region size 1024K, 303 young (310272K), 14 survivors (14336K)
 Metaspace       used 117737K, capacity 127698K, committed 127924K, reserved 1161216K
  class space    used 13493K, capacity 16490K, committed 16592K, reserved 1048576K
Event: 218922.251 GC heap after
Heap after GC invocations=1235 (full 0):
 garbage-first heap   total 556032K, used 181311K [0x0000000780000000, 0x00000007801010f8, 0x00000007c0000000)
  region size 1024K, 7 young (7168K), 7 survivors (7168K)
 Metaspace       used 117737K, capacity 127698K, committed 127924K, reserved 1161216K
  class space    used 13493K, capacity 16490K, committed 16592K, reserved 1048576K
}
Event: 218943.326 GC heap before
{Heap before GC invocations=1235 (full 0):
 garbage-first heap   total 556032K, used 487487K [0x0000000780000000, 0x00000007801010f8, 0x00000007c0000000)
  region size 1024K, 306 young (313344K), 7 survivors (7168K)
 Metaspace       used 117740K, capacity 127698K, committed 127924K, reserved 1161216K
  class space    used 13493K, capacity 16490K, committed 16592K, reserved 1048576K
Event: 218943.385 GC heap after
Heap after GC invocations=1236 (full 0):
 garbage-first heap   total 556032K, used 185480K [0x0000000780000000, 0x00000007801010f8, 0x00000007c0000000)
  region size 1024K, 10 young (10240K), 10 survivors (10240K)
 Metaspace       used 117740K, capacity 127698K, committed 127924K, reserved 1161216K
  class space    used 13493K, capacity 16490K, committed 16592K, reserved 1048576K
}

