# JRE version: Java(TM) SE Runtime Environment (8.0_111-b14) (build 1.8.0_111-b14)
# Java VM: Java HotSpot(TM) 64-Bit Server VM (25.111-b14 mixed mode bsd-amd64 compressed oops)
Heap:
 garbage-first heap   total 275456K, used 237082K [0x0000000780000000, 0x0000000780100868, 0x00000007c0000000)
  region size 1024K, 122 young (124928K), 3 survivors (3072K)
 Metaspace       used 112598K, capacity 122456K, committed 122908K, reserved 1157120K
  class space    used 13184K, capacity 16016K, committed 16156K, reserved 1048576K
GC Heap History (10 events):
Event: 23555.668 GC heap before
{Heap before GC invocations=356 (full 0):
 garbage-first heap   total 275456K, used 241576K [0x0000000780000000, 0x0000000780100868, 0x00000007c0000000)
  region size 1024K, 125 young (128000K), 6 survivors (6144K)
 Metaspace       used 112553K, capacity 122456K, committed 122908K, reserved 1157120K
  class space    used 13183K, capacity 16016K, committed 16156K, reserved 1048576K
Event: 23555.713 GC heap after
Heap after GC invocations=357 (full 0):
 garbage-first heap   total 275456K, used 117723K [0x0000000780000000, 0x0000000780100868, 0x00000007c0000000)
  region size 1024K, 4 young (4096K), 4 survivors (4096K)
 Metaspace       used 112553K, capacity 122456K, committed 122908K, reserved 1157120K
  class space    used 13183K, capacity 16016K, committed 16156K, reserved 1048576K
}
Event: 23557.205 GC heap before
{Heap before GC invocations=357 (full 0):
 garbage-first heap   total 275456K, used 243675K [0x0000000780000000, 0x0000000780100868, 0x00000007c0000000)
  region size 1024K, 127 young (130048K), 4 survivors (4096K)
 Metaspace       used 112553K, capacity 122456K, committed 122908K, reserved 1157120K
  class space    used 13183K, capacity 16016K, committed 16156K, reserved 1048576K
Event: 23557.233 GC heap after
Heap after GC invocations=358 (full 0):
 garbage-first heap   total 275456K, used 118761K [0x0000000780000000, 0x0000000780100868, 0x00000007c0000000)
  region size 1024K, 5 young (5120K), 5 survivors (5120K)
 Metaspace       used 112553K, capacity 122456K, committed 122908K, reserved 1157120K
  class space    used 13183K, capacity 16016K, committed 16156K, reserved 1048576K
}
Event: 23640.869 GC heap before
{Heap before GC invocations=358 (full 0):
 garbage-first heap   total 275456K, used 242665K [0x0000000780000000, 0x0000000780100868, 0x00000007c0000000)
  region size 1024K, 126 young (129024K), 5 survivors (5120K)
 Metaspace       used 112583K, capacity 122456K, committed 122908K, reserved 1157120K
  class space    used 13183K, capacity 16016K, committed 16156K, reserved 1048576K
Event: 23640.896 GC heap after
Heap after GC invocations=359 (full 0):
 garbage-first heap   total 275456K, used 116730K [0x0000000780000000, 0x0000000780100868, 0x00000007c0000000)
  region size 1024K, 3 young (3072K), 3 survivors (3072K)
 Metaspace       used 112583K, capacity 122456K, committed 122908K, reserved 1157120K
  class space    used 13183K, capacity 16016K, committed 16156K, reserved 1048576K
}
Event: 23677.021 GC heap before
{Heap before GC invocations=359 (full 0):
 garbage-first heap   total 275456K, used 243706K [0x0000000780000000, 0x0000000780100868, 0x00000007c0000000)
  region size 1024K, 127 young (130048K), 3 survivors (3072K)
 Metaspace       used 112585K, capacity 122456K, committed 122908K, reserved 1157120K
  class space    used 13183K, capacity 16016K, committed 16156K, reserved 1048576K
Event: 23677.042 GC heap after
Heap after GC invocations=360 (full 0):
 garbage-first heap   total 275456K, used 116236K [0x0000000780000000, 0x0000000780100868, 0x00000007c0000000)
  region size 1024K, 3 young (3072K), 3 survivors (3072K)
 Metaspace       used 112585K, capacity 122456K, committed 122908K, reserved 1157120K
  class space    used 13183K, capacity 16016K, committed 16156K, reserved 1048576K
}
Event: 23690.147 GC heap before
{Heap before GC invocations=360 (full 0):
 garbage-first heap   total 275456K, used 243212K [0x0000000780000000, 0x0000000780100868, 0x00000007c0000000)
  region size 1024K, 127 young (130048K), 3 survivors (3072K)
 Metaspace       used 112588K, capacity 122456K, committed 122908K, reserved 1157120K
  class space    used 13183K, capacity 16016K, committed 16156K, reserved 1048576K
Event: 23690.173 GC heap after
Heap after GC invocations=361 (full 0):
 garbage-first heap   total 275456K, used 116250K [0x0000000780000000, 0x0000000780100868, 0x00000007c0000000)
  region size 1024K, 3 young (3072K), 3 survivors (3072K)
 Metaspace       used 112588K, capacity 122456K, committed 122908K, reserved 1157120K
  class space    used 13183K, capacity 16016K, committed 16156K, reserved 1048576K
}

