# JRE version: Java(TM) SE Runtime Environment (8.0_111-b14) (build 1.8.0_111-b14)
# Java VM: Java HotSpot(TM) 64-Bit Server VM (25.111-b14 mixed mode bsd-amd64 compressed oops)
Heap:
 garbage-first heap   total 282624K, used 233984K [0x0000000780000000, 0x00000007801008a0, 0x00000007c0000000)
  region size 1024K, 124 young (126976K), 5 survivors (5120K)
 Metaspace       used 116498K, capacity 126520K, committed 126812K, reserved 1159168K
  class space    used 13597K, capacity 16361K, committed 16480K, reserved 1048576K
GC Heap History (10 events):
Event: 22374.908 GC heap before
{Heap before GC invocations=607 (full 0):
 garbage-first heap   total 282624K, used 140800K [0x0000000780000000, 0x00000007801008a0, 0x00000007c0000000)
  region size 1024K, 13 young (13312K), 5 survivors (5120K)
 Metaspace       used 116281K, capacity 126216K, committed 126556K, reserved 1159168K
  class space    used 13576K, capacity 16353K, committed 16480K, reserved 1048576K
Event: 22374.950 GC heap after
Heap after GC invocations=608 (full 0):
 garbage-first heap   total 282624K, used 110080K [0x0000000780000000, 0x00000007801008a0, 0x00000007c0000000)
  region size 1024K, 2 young (2048K), 2 survivors (2048K)
 Metaspace       used 116281K, capacity 126216K, committed 126556K, reserved 1159168K
  class space    used 13576K, capacity 16353K, committed 16480K, reserved 1048576K
}
Event: 22407.531 GC heap before
{Heap before GC invocations=608 (full 0):
 garbage-first heap   total 282624K, used 242176K [0x0000000780000000, 0x00000007801008a0, 0x00000007c0000000)
  region size 1024K, 131 young (134144K), 2 survivors (2048K)
 Metaspace       used 116291K, capacity 126216K, committed 126556K, reserved 1159168K
  class space    used 13576K, capacity 16353K, committed 16480K, reserved 1048576K
Event: 22407.584 GC heap after
Heap after GC invocations=609 (full 0):
 garbage-first heap   total 282624K, used 115200K [0x0000000780000000, 0x00000007801008a0, 0x00000007c0000000)
  region size 1024K, 7 young (7168K), 7 survivors (7168K)
 Metaspace       used 116291K, capacity 126216K, committed 126556K, reserved 1159168K
  class space    used 13576K, capacity 16353K, committed 16480K, reserved 1048576K
}
Event: 22412.781 GC heap before
{Heap before GC invocations=609 (full 0):
 garbage-first heap   total 282624K, used 243200K [0x0000000780000000, 0x00000007801008a0, 0x00000007c0000000)
  region size 1024K, 132 young (135168K), 7 survivors (7168K)
 Metaspace       used 116292K, capacity 126216K, committed 126556K, reserved 1159168K
  class space    used 13576K, capacity 16353K, committed 16480K, reserved 1048576K
Event: 22412.816 GC heap after
Heap after GC invocations=610 (full 0):
 garbage-first heap   total 282624K, used 115200K [0x0000000780000000, 0x00000007801008a0, 0x00000007c0000000)
  region size 1024K, 7 young (7168K), 7 survivors (7168K)
 Metaspace       used 116292K, capacity 126216K, committed 126556K, reserved 1159168K
  class space    used 13576K, capacity 16353K, committed 16480K, reserved 1048576K
}
Event: 22427.733 GC heap before
{Heap before GC invocations=610 (full 0):
 garbage-first heap   total 282624K, used 244224K [0x0000000780000000, 0x00000007801008a0, 0x00000007c0000000)
  region size 1024K, 133 young (136192K), 7 survivors (7168K)
 Metaspace       used 116297K, capacity 126216K, committed 126556K, reserved 1159168K
  class space    used 13576K, capacity 16353K, committed 16480K, reserved 1048576K
Event: 22427.763 GC heap after
Heap after GC invocations=611 (full 0):
 garbage-first heap   total 282624K, used 112128K [0x0000000780000000, 0x00000007801008a0, 0x00000007c0000000)
  region size 1024K, 4 young (4096K), 4 survivors (4096K)
 Metaspace       used 116297K, capacity 126216K, committed 126556K, reserved 1159168K
  class space    used 13576K, capacity 16353K, committed 16480K, reserved 1048576K
}
Event: 22448.895 GC heap before
{Heap before GC invocations=611 (full 0):
 garbage-first heap   total 282624K, used 245248K [0x0000000780000000, 0x00000007801008a0, 0x00000007c0000000)
  region size 1024K, 134 young (137216K), 4 survivors (4096K)
 Metaspace       used 116494K, capacity 126520K, committed 126812K, reserved 1159168K
  class space    used 13597K, capacity 16361K, committed 16480K, reserved 1048576K
Event: 22448.934 GC heap after
Heap after GC invocations=612 (full 0):
 garbage-first heap   total 282624K, used 113152K [0x0000000780000000, 0x00000007801008a0, 0x00000007c0000000)
  region size 1024K, 5 young (5120K), 5 survivors (5120K)
 Metaspace       used 116494K, capacity 126520K, committed 126812K, reserved 1159168K
  class space    used 13597K, capacity 16361K, committed 16480K, reserved 1048576K
}

