# JRE version: Java(TM) SE Runtime Environment (8.0_111-b14) (build 1.8.0_111-b14)
# Java VM: Java HotSpot(TM) 64-Bit Server VM (25.111-b14 mixed mode bsd-amd64 compressed oops)
Heap:
 garbage-first heap   total 545792K, used 216385K [0x0000000780000000, 0x00000007801010a8, 0x00000007c0000000)
  region size 1024K, 36 young (36864K), 9 survivors (9216K)
 Metaspace       used 116078K, capacity 125854K, committed 125980K, reserved 1159168K
  class space    used 13470K, capacity 16291K, committed 16412K, reserved 1048576K
GC Heap History (10 events):
Event: 46612.090 GC heap before
{Heap before GC invocations=954 (full 0):
 garbage-first heap   total 545792K, used 472704K [0x0000000780000000, 0x00000007801010a8, 0x00000007c0000000)
  region size 1024K, 286 young (292864K), 14 survivors (14336K)
 Metaspace       used 116077K, capacity 125854K, committed 125980K, reserved 1159168K
  class space    used 13470K, capacity 16291K, committed 16412K, reserved 1048576K
Event: 46612.149 GC heap after
Heap after GC invocations=955 (full 0):
 garbage-first heap   total 545792K, used 193733K [0x0000000780000000, 0x00000007801010a8, 0x00000007c0000000)
  region size 1024K, 13 young (13312K), 13 survivors (13312K)
 Metaspace       used 116077K, capacity 125854K, committed 125980K, reserved 1159168K
  class space    used 13470K, capacity 16291K, committed 16412K, reserved 1048576K
}
Event: 46618.610 GC heap before
{Heap before GC invocations=955 (full 0):
 garbage-first heap   total 545792K, used 473285K [0x0000000780000000, 0x00000007801010a8, 0x00000007c0000000)
  region size 1024K, 286 young (292864K), 13 survivors (13312K)
 Metaspace       used 116078K, capacity 125854K, committed 125980K, reserved 1159168K
  class space    used 13470K, capacity 16291K, committed 16412K, reserved 1048576K
Event: 46618.671 GC heap after
Heap after GC invocations=956 (full 0):
 garbage-first heap   total 545792K, used 193271K [0x0000000780000000, 0x00000007801010a8, 0x00000007c0000000)
  region size 1024K, 13 young (13312K), 13 survivors (13312K)
 Metaspace       used 116078K, capacity 125854K, committed 125980K, reserved 1159168K
  class space    used 13470K, capacity 16291K, committed 16412K, reserved 1048576K
}
Event: 46644.799 GC heap before
{Heap before GC invocations=956 (full 0):
 garbage-first heap   total 545792K, used 472823K [0x0000000780000000, 0x00000007801010a8, 0x00000007c0000000)
  region size 1024K, 286 young (292864K), 13 survivors (13312K)
 Metaspace       used 116078K, capacity 125854K, committed 125980K, reserved 1159168K
  class space    used 13470K, capacity 16291K, committed 16412K, reserved 1048576K
Event: 46644.862 GC heap after
Heap after GC invocations=957 (full 0):
 garbage-first heap   total 545792K, used 195848K [0x0000000780000000, 0x00000007801010a8, 0x00000007c0000000)
  region size 1024K, 15 young (15360K), 15 survivors (15360K)
 Metaspace       used 116078K, capacity 125854K, committed 125980K, reserved 1159168K
  class space    used 13470K, capacity 16291K, committed 16412K, reserved 1048576K
}
Event: 46658.932 GC heap before
{Heap before GC invocations=957 (full 0):
 garbage-first heap   total 545792K, used 472328K [0x0000000780000000, 0x00000007801010a8, 0x00000007c0000000)
  region size 1024K, 285 young (291840K), 15 survivors (15360K)
 Metaspace       used 116078K, capacity 125854K, committed 125980K, reserved 1159168K
  class space    used 13470K, capacity 16291K, committed 16412K, reserved 1048576K
Event: 46658.978 GC heap after
Heap after GC invocations=958 (full 0):
 garbage-first heap   total 545792K, used 188705K [0x0000000780000000, 0x00000007801010a8, 0x00000007c0000000)
  region size 1024K, 8 young (8192K), 8 survivors (8192K)
 Metaspace       used 116078K, capacity 125854K, committed 125980K, reserved 1159168K
  class space    used 13470K, capacity 16291K, committed 16412K, reserved 1048576K
}
Event: 46664.325 GC heap before
{Heap before GC invocations=958 (full 0):
 garbage-first heap   total 545792K, used 474401K [0x0000000780000000, 0x00000007801010a8, 0x00000007c0000000)
  region size 1024K, 287 young (293888K), 8 survivors (8192K)
 Metaspace       used 116078K, capacity 125854K, committed 125980K, reserved 1159168K
  class space    used 13470K, capacity 16291K, committed 16412K, reserved 1048576K
Event: 46664.381 GC heap after
Heap after GC invocations=959 (full 0):
 garbage-first heap   total 545792K, used 189761K [0x0000000780000000, 0x00000007801010a8, 0x00000007c0000000)
  region size 1024K, 9 young (9216K), 9 survivors (9216K)
 Metaspace       used 116078K, capacity 125854K, committed 125980K, reserved 1159168K
  class space    used 13470K, capacity 16291K, committed 16412K, reserved 1048576K
}

